<?xml version="1.0" encoding="UTF-8"?>
<testng-results ignored="0" total="1" passed="1" failed="0" skipped="0">
  <reporter-output>
  </reporter-output>
  <suite started-at="2025-10-08T12:08:16 IST" name="Default suite" finished-at="2025-10-08T12:08:39 IST" duration-ms="23007">
    <groups>
    </groups>
    <test started-at="2025-10-08T12:08:16 IST" name="Default test" finished-at="2025-10-08T12:08:39 IST" duration-ms="23007">
      <class name="Tests.HotstarTest">
        <test-method is-config="true" signature="config()[pri:0, instance:Tests.HotstarTest@6340e5f0]" started-at="2025-10-08T12:08:12 IST" name="config" finished-at="2025-10-08T12:08:16 IST" duration-ms="4673" status="PASS">
          <reporter-output>
          </reporter-output>
        </test-method> <!-- config -->
        <test-method signature="test01()[pri:0, instance:Tests.HotstarTest@6340e5f0]" started-at="2025-10-08T12:08:16 IST" name="test01" description="Hotstar in app testing" finished-at="2025-10-08T12:08:29 IST" duration-ms="12203" status="PASS">
          <reporter-output>
          </reporter-output>
        </test-method> <!-- test01 -->
        <test-method is-config="true" signature="tearDown()[pri:0, instance:Tests.HotstarTest@6340e5f0]" started-at="2025-10-08T12:08:29 IST" name="tearDown" finished-at="2025-10-08T12:08:39 IST" duration-ms="10783" status="PASS">
          <reporter-output>
          </reporter-output>
        </test-method> <!-- tearDown -->
      </class> <!-- Tests.HotstarTest -->
    </test> <!-- Default test -->
  </suite> <!-- Default suite -->
</testng-results>
